<?xml version="1.0" encoding="UTF-8"?>
<!-- Generated by org.testng.reporters.JUnitXMLReporter -->
<testsuite hostname="STXLAPTOP13" name="Test the Valid login scenarios" tests="3" failures="3" timestamp="4 Oct 2017 09:16:10 GMT" time="50.837" errors="0">
  <testcase name="checkInvalidLogin" time="11.018" classname="com.stabilix.hcdemo.test.LoginTest">
    <failure type="org.junit.ComparisonFailure" message="expected:&amp;lt;[Invalid Username/Email or Password.]&amp;gt; but was:&amp;lt;[Learn More]&amp;gt;">
      <![CDATA[org.junit.ComparisonFailure: expected:<[Invalid Username/Email or Password.]> but was:<[Learn More]>
	at org.junit.Assert.assertEquals(Assert.java:115)
	at org.junit.Assert.assertEquals(Assert.java:144)
	at com.stabilix.hcdemo.test.LoginTest.checkInvalidLogin(LoginTest.java:59)
... Removed 24 stack frames]]>
    </failure>
  </testcase> <!-- checkInvalidLogin -->
  <testcase name="checkInvalidAnswerAttempt" time="6.82" classname="com.stabilix.hcdemo.test.LoginTest">
    <failure type="org.openqa.selenium.WebDriverException" message="Failed to decode response from marionette
Build info: version: &amp;apos;3.4.0&amp;apos;, revision: &amp;apos;unknown&amp;apos;, time: &amp;apos;unknown&amp;apos;
System info: host: &amp;apos;STXLAPTOP13&amp;apos;, ip: &amp;apos;192.168.1.91&amp;apos;, os.name: &amp;apos;Windows 7&amp;apos;, os.arch: &amp;apos;amd64&amp;apos;, os.version: &amp;apos;6.1&amp;apos;, java.version: &amp;apos;1.8.0_102&amp;apos;
Driver info: org.openqa.selenium.firefox.FirefoxDriver
Capabilities [{moz:profile=C:\Users\arun\AppData\Local\Temp\rust_mozprofile.C84ozfAKqJNu, rotatable=false, timeouts={implicit=0.0, pageLoad=300000.0, script=30000.0}, pageLoadStrategy=normal, platform=ANY, specificationLevel=0.0, moz:accessibilityChecks=false, acceptInsecureCerts=false, browserVersion=55.0.3, platformVersion=6.1, moz:processID=7600.0, browserName=firefox, javascriptEnabled=true, platformName=windows_nt}]
Session ID: 7fd5f077-0022-424e-b2ad-b5c1eb676d67
*** Element info: {Using=id, value=felix-widget-button-Continue}">
      <![CDATA[org.openqa.selenium.WebDriverException: Failed to decode response from marionette
Build info: version: '3.4.0', revision: 'unknown', time: 'unknown'
System info: host: 'STXLAPTOP13', ip: '192.168.1.91', os.name: 'Windows 7', os.arch: 'amd64', os.version: '6.1', java.version: '1.8.0_102'
Driver info: org.openqa.selenium.firefox.FirefoxDriver
Capabilities [{moz:profile=C:\Users\arun\AppData\Local\Temp\rust_mozprofile.C84ozfAKqJNu, rotatable=false, timeouts={implicit=0.0, pageLoad=300000.0, script=30000.0}, pageLoadStrategy=normal, platform=ANY, specificationLevel=0.0, moz:accessibilityChecks=false, acceptInsecureCerts=false, browserVersion=55.0.3, platformVersion=6.1, moz:processID=7600.0, browserName=firefox, javascriptEnabled=true, platformName=windows_nt}]
Session ID: 7fd5f077-0022-424e-b2ad-b5c1eb676d67
*** Element info: {Using=id, value=felix-widget-button-Continue}
	at org.openqa.selenium.remote.http.W3CHttpResponseCodec.createException(W3CHttpResponseCodec.java:150)
	at org.openqa.selenium.remote.http.W3CHttpResponseCodec.decode(W3CHttpResponseCodec.java:115)
	at org.openqa.selenium.remote.http.W3CHttpResponseCodec.decode(W3CHttpResponseCodec.java:45)
	at org.openqa.selenium.remote.HttpCommandExecutor.execute(HttpCommandExecutor.java:164)
	at org.openqa.selenium.remote.service.DriverCommandExecutor.execute(DriverCommandExecutor.java:82)
	at org.openqa.selenium.remote.RemoteWebDriver.execute(RemoteWebDriver.java:637)
	at org.openqa.selenium.remote.RemoteWebDriver.findElement(RemoteWebDriver.java:410)
	at org.openqa.selenium.remote.RemoteWebDriver.findElementById(RemoteWebDriver.java:453)
	at org.openqa.selenium.By$ById.findElement(By.java:218)
	at org.openqa.selenium.remote.RemoteWebDriver.findElement(RemoteWebDriver.java:402)
	at org.openqa.selenium.support.pagefactory.DefaultElementLocator.findElement(DefaultElementLocator.java:69)
	at org.openqa.selenium.support.pagefactory.internal.LocatingElementHandler.invoke(LocatingElementHandler.java:38)
	at com.sun.proxy.$Proxy13.click(Unknown Source)
	at com.stabilix.hcdemo.pageobjects.login.answeringSecurityQuestion(login.java:198)
	at com.stabilix.hcdemo.test.LoginTest.checkInvalidAnswerAttempt(LoginTest.java:82)
... Removed 28 stack frames]]>
    </failure>
  </testcase> <!-- checkInvalidAnswerAttempt -->
  <testcase name="checkValidLogin" time="3.015" classname="com.stabilix.hcdemo.test.LoginTest">
    <failure type="org.openqa.selenium.WebDriverException" message="Tried to run command without establishing a connection
Build info: version: &amp;apos;3.4.0&amp;apos;, revision: &amp;apos;unknown&amp;apos;, time: &amp;apos;unknown&amp;apos;
System info: host: &amp;apos;STXLAPTOP13&amp;apos;, ip: &amp;apos;192.168.1.91&amp;apos;, os.name: &amp;apos;Windows 7&amp;apos;, os.arch: &amp;apos;amd64&amp;apos;, os.version: &amp;apos;6.1&amp;apos;, java.version: &amp;apos;1.8.0_102&amp;apos;
Driver info: org.openqa.selenium.firefox.FirefoxDriver
Capabilities [{moz:profile=C:\Users\arun\AppData\Local\Temp\rust_mozprofile.C84ozfAKqJNu, rotatable=false, timeouts={implicit=0.0, pageLoad=300000.0, script=30000.0}, pageLoadStrategy=normal, platform=ANY, specificationLevel=0.0, moz:accessibilityChecks=false, acceptInsecureCerts=false, browserVersion=55.0.3, platformVersion=6.1, moz:processID=7600.0, browserName=firefox, javascriptEnabled=true, platformName=windows_nt}]
Session ID: 7fd5f077-0022-424e-b2ad-b5c1eb676d67
*** Element info: {Using=id, value=j_username}">
      <![CDATA[org.openqa.selenium.WebDriverException: Tried to run command without establishing a connection
Build info: version: '3.4.0', revision: 'unknown', time: 'unknown'
System info: host: 'STXLAPTOP13', ip: '192.168.1.91', os.name: 'Windows 7', os.arch: 'amd64', os.version: '6.1', java.version: '1.8.0_102'
Driver info: org.openqa.selenium.firefox.FirefoxDriver
Capabilities [{moz:profile=C:\Users\arun\AppData\Local\Temp\rust_mozprofile.C84ozfAKqJNu, rotatable=false, timeouts={implicit=0.0, pageLoad=300000.0, script=30000.0}, pageLoadStrategy=normal, platform=ANY, specificationLevel=0.0, moz:accessibilityChecks=false, acceptInsecureCerts=false, browserVersion=55.0.3, platformVersion=6.1, moz:processID=7600.0, browserName=firefox, javascriptEnabled=true, platformName=windows_nt}]
Session ID: 7fd5f077-0022-424e-b2ad-b5c1eb676d67
*** Element info: {Using=id, value=j_username}
	at org.openqa.selenium.remote.http.W3CHttpResponseCodec.createException(W3CHttpResponseCodec.java:150)
	at org.openqa.selenium.remote.http.W3CHttpResponseCodec.decode(W3CHttpResponseCodec.java:115)
	at org.openqa.selenium.remote.http.W3CHttpResponseCodec.decode(W3CHttpResponseCodec.java:45)
	at org.openqa.selenium.remote.HttpCommandExecutor.execute(HttpCommandExecutor.java:164)
	at org.openqa.selenium.remote.service.DriverCommandExecutor.execute(DriverCommandExecutor.java:82)
	at org.openqa.selenium.remote.RemoteWebDriver.execute(RemoteWebDriver.java:637)
	at org.openqa.selenium.remote.RemoteWebDriver.findElement(RemoteWebDriver.java:410)
	at org.openqa.selenium.remote.RemoteWebDriver.findElementById(RemoteWebDriver.java:453)
	at org.openqa.selenium.By$ById.findElement(By.java:218)
	at org.openqa.selenium.remote.RemoteWebDriver.findElement(RemoteWebDriver.java:402)
	at org.openqa.selenium.support.pagefactory.DefaultElementLocator.findElement(DefaultElementLocator.java:69)
	at org.openqa.selenium.support.pagefactory.internal.LocatingElementHandler.invoke(LocatingElementHandler.java:38)
	at com.sun.proxy.$Proxy13.clear(Unknown Source)
	at com.stabilix.hcdemo.pageobjects.login.loginToHc(login.java:186)
	at com.stabilix.hcdemo.test.LoginTest.checkValidLogin(LoginTest.java:110)
... Removed 28 stack frames]]>
    </failure>
  </testcase> <!-- checkValidLogin -->
</testsuite> <!-- Test the Valid login scenarios -->
